<?xml version="1.0" encoding="UTF-8"?>
<coverage generated="1694681324389" clover="3.2.0">
  <project timestamp="1694681324389" name="All files">
    <metrics statements="15" coveredstatements="15" conditionals="4" coveredconditionals="4" methods="2" coveredmethods="2" elements="21" coveredelements="21" complexity="0" loc="15" ncloc="15" packages="1" files="1" classes="1"/>
    <file name=" longest_substring_of_unique_characters.ts" path="/Users/whichy/Desktop/kata-everyday/ longest_substring_of_unique_characters.ts">
      <metrics statements="15" coveredstatements="15" conditionals="4" coveredconditionals="4" methods="2" coveredmethods="2"/>
      <line num="4" count="7" type="stmt"/>
      <line num="5" count="7" type="stmt"/>
      <line num="6" count="7" type="stmt"/>
      <line num="7" count="7" type="stmt"/>
      <line num="9" count="7" type="stmt"/>
      <line num="10" count="31" type="stmt"/>
      <line num="11" count="78" type="cond" truecount="2" falsecount="0"/>
      <line num="12" count="21" type="cond" truecount="2" falsecount="0"/>
      <line num="13" count="8" type="stmt"/>
      <line num="15" count="21" type="stmt"/>
      <line num="16" count="21" type="stmt"/>
      <line num="17" count="21" type="stmt"/>
      <line num="19" count="53" type="stmt"/>
      <line num="20" count="53" type="stmt"/>
      <line num="23" count="7" type="stmt"/>
    </file>
  </project>
</coverage>
