{"/Users/whichy/Desktop/kata-everyday/ longest_substring_of_unique_characters.ts": {"path":"/Users/whichy/Desktop/kata-everyday/ longest_substring_of_unique_characters.ts","statementMap":{"0":{"start":{"line":4,"column":4},"end":{"line":4,"column":13}},"1":{"start":{"line":7,"column":0},"end":{"line":7,"column":22}}},"fnMap":{"0":{"name":"longestSubstr","decl":{"start":{"line":1,"column":24},"end":{"line":1,"column":37}},"loc":{"start":{"line":1,"column":57},"end":{"line":5,"column":1}},"line":1}},"branchMap":{},"s":{"0":2,"1":1},"f":{"0":2},"b":{},"_coverageSchema":"1a1c01bbd47fc00a2c39e90264f33305004495a9","hash":"e9458a0cd995e18fb27d7ad7ec367715271230eb"}
}
