{"/Users/whichy/Desktop/kata-everyday/ longest_substring_of_unique_characters.ts": {"path":"/Users/whichy/Desktop/kata-everyday/ longest_substring_of_unique_characters.ts","statementMap":{"0":{"start":{"line":4,"column":24},"end":{"line":4,"column":35}},"1":{"start":{"line":5,"column":24},"end":{"line":5,"column":26}},"2":{"start":{"line":6,"column":18},"end":{"line":6,"column":19}},"3":{"start":{"line":7,"column":18},"end":{"line":7,"column":19}},"4":{"start":{"line":9,"column":4},"end":{"line":22,"column":5}},"5":{"start":{"line":9,"column":16},"end":{"line":9,"column":17}},"6":{"start":{"line":10,"column":8},"end":{"line":21,"column":9}},"7":{"start":{"line":10,"column":21},"end":{"line":10,"column":22}},"8":{"start":{"line":11,"column":12},"end":{"line":18,"column":13}},"9":{"start":{"line":11,"column":44},"end":{"line":11,"column":69}},"10":{"start":{"line":12,"column":16},"end":{"line":14,"column":17}},"11":{"start":{"line":13,"column":20},"end":{"line":13,"column":37}},"12":{"start":{"line":15,"column":16},"end":{"line":15,"column":27}},"13":{"start":{"line":16,"column":16},"end":{"line":16,"column":34}},"14":{"start":{"line":17,"column":16},"end":{"line":17,"column":22}},"15":{"start":{"line":19,"column":12},"end":{"line":19,"column":46}},"16":{"start":{"line":20,"column":12},"end":{"line":20,"column":21}},"17":{"start":{"line":23,"column":4},"end":{"line":23,"column":18}}},"fnMap":{"0":{"name":"longestSubstr","decl":{"start":{"line":3,"column":24},"end":{"line":3,"column":37}},"loc":{"start":{"line":3,"column":57},"end":{"line":24,"column":1}},"line":3},"1":{"name":"(anonymous_1)","decl":{"start":{"line":11,"column":34},"end":{"line":11,"column":35}},"loc":{"start":{"line":11,"column":44},"end":{"line":11,"column":69}},"line":11}},"branchMap":{"0":{"loc":{"start":{"line":11,"column":12},"end":{"line":18,"column":13}},"type":"if","locations":[{"start":{"line":11,"column":12},"end":{"line":18,"column":13}},{"start":{},"end":{}}],"line":11},"1":{"loc":{"start":{"line":12,"column":16},"end":{"line":14,"column":17}},"type":"if","locations":[{"start":{"line":12,"column":16},"end":{"line":14,"column":17}},{"start":{},"end":{}}],"line":12}},"s":{"0":7,"1":7,"2":7,"3":7,"4":7,"5":7,"6":31,"7":31,"8":74,"9":78,"10":21,"11":8,"12":21,"13":21,"14":21,"15":53,"16":53,"17":7},"f":{"0":7,"1":78},"b":{"0":[21,53],"1":[8,13]},"_coverageSchema":"1a1c01bbd47fc00a2c39e90264f33305004495a9","hash":"bbbd1bc4050b45d94b7dce2141b0f858d78ceb80"}
}
